# JRE version: Java(TM) SE Runtime Environment (8.0_152-b16) (build 1.8.0_152-b16)
# Java VM: Java HotSpot(TM) 64-Bit Server VM (25.152-b16 mixed mode windows-amd64 compressed oops)
Heap:
 PSYoungGen      total 122368K, used 29286K [0x00000000d5e00000, 0x00000000e2a80000, 0x0000000100000000)
  eden space 113152K, 17% used [0x00000000d5e00000,0x00000000d71a14f0,0x00000000dcc80000)
  from space 9216K, 99% used [0x00000000dcc80000,0x00000000dd5784d8,0x00000000dd580000)
  to   space 11264K, 0% used [0x00000000e1f80000,0x00000000e1f80000,0x00000000e2a80000)
 ParOldGen       total 51200K, used 6688K [0x0000000081a00000, 0x0000000084c00000, 0x00000000d5e00000)
  object space 51200K, 13% used [0x0000000081a00000,0x0000000082088370,0x0000000084c00000)
 Metaspace       used 32924K, capacity 35122K, committed 35416K, reserved 1079296K
  class space    used 4236K, capacity 4631K, committed 4736K, reserved 1048576K
GC Heap History (10 events):
Event: 2.450 GC heap before
{Heap before GC invocations=4 (full 0):
 PSYoungGen      total 38400K, used 10222K [0x00000000d5e00000, 0x00000000da900000, 0x0000000100000000)
  eden space 33280K, 15% used [0x00000000d5e00000,0x00000000d62fb8f0,0x00000000d7e80000)
  from space 5120K, 99% used [0x00000000d7e80000,0x00000000d837ff60,0x00000000d8380000)
  to   space 5120K, 0% used [0x00000000da400000,0x00000000da400000,0x00000000da900000)
 ParOldGen       total 87552K, used 5689K [0x0000000081a00000, 0x0000000086f80000, 0x00000000d5e00000)
  object space 87552K, 6% used [0x0000000081a00000,0x0000000081f8e678,0x0000000086f80000)
 Metaspace       used 19888K, capacity 21174K, committed 21248K, reserved 1067008K
  class space    used 2529K, capacity 2785K, committed 2816K, reserved 1048576K
Event: 2.455 GC heap after
Heap after GC invocations=4 (full 0):
 PSYoungGen      total 71680K, used 5118K [0x00000000d5e00000, 0x00000000da900000, 0x0000000100000000)
  eden space 66560K, 0% used [0x00000000d5e00000,0x00000000d5e00000,0x00000000d9f00000)
  from space 5120K, 99% used [0x00000000da400000,0x00000000da8ffb48,0x00000000da900000)
  to   space 5120K, 0% used [0x00000000d9f00000,0x00000000d9f00000,0x00000000da400000)
 ParOldGen       total 87552K, used 6079K [0x0000000081a00000, 0x0000000086f80000, 0x00000000d5e00000)
  object space 87552K, 6% used [0x0000000081a00000,0x0000000081feffc8,0x0000000086f80000)
 Metaspace       used 19888K, capacity 21174K, committed 21248K, reserved 1067008K
  class space    used 2529K, capacity 2785K, committed 2816K, reserved 1048576K
}
Event: 2.455 GC heap before
{Heap before GC invocations=5 (full 1):
 PSYoungGen      total 71680K, used 5118K [0x00000000d5e00000, 0x00000000da900000, 0x0000000100000000)
  eden space 66560K, 0% used [0x00000000d5e00000,0x00000000d5e00000,0x00000000d9f00000)
  from space 5120K, 99% used [0x00000000da400000,0x00000000da8ffb48,0x00000000da900000)
  to   space 5120K, 0% used [0x00000000d9f00000,0x00000000d9f00000,0x00000000da400000)
 ParOldGen       total 87552K, used 6079K [0x0000000081a00000, 0x0000000086f80000, 0x00000000d5e00000)
  object space 87552K, 6% used [0x0000000081a00000,0x0000000081feffc8,0x0000000086f80000)
 Metaspace       used 19888K, capacity 21174K, committed 21248K, reserved 1067008K
  class space    used 2529K, capacity 2785K, committed 2816K, reserved 1048576K
Event: 2.477 GC heap after
Heap after GC invocations=5 (full 1):
 PSYoungGen      total 71680K, used 0K [0x00000000d5e00000, 0x00000000da900000, 0x0000000100000000)
  eden space 66560K, 0% used [0x00000000d5e00000,0x00000000d5e00000,0x00000000d9f00000)
  from space 5120K, 0% used [0x00000000da400000,0x00000000da400000,0x00000000da900000)
  to   space 5120K, 0% used [0x00000000d9f00000,0x00000000d9f00000,0x00000000da400000)
 ParOldGen       total 51200K, used 5338K [0x0000000081a00000, 0x0000000084c00000, 0x00000000d5e00000)
  object space 51200K, 10% used [0x0000000081a00000,0x0000000081f36bd0,0x0000000084c00000)
 Metaspace       used 19888K, capacity 21174K, committed 21248K, reserved 1067008K
  class space    used 2529K, capacity 2785K, committed 2816K, reserved 1048576K
}
Event: 3.105 GC heap before
{Heap before GC invocations=6 (full 1):
 PSYoungGen      total 71680K, used 66560K [0x00000000d5e00000, 0x00000000da900000, 0x0000000100000000)
  eden space 66560K, 100% used [0x00000000d5e00000,0x00000000d9f00000,0x00000000d9f00000)
  from space 5120K, 0% used [0x00000000da400000,0x00000000da400000,0x00000000da900000)
  to   space 5120K, 0% used [0x00000000d9f00000,0x00000000d9f00000,0x00000000da400000)
 ParOldGen       total 51200K, used 5349K [0x0000000081a00000, 0x0000000084c00000, 0x00000000d5e00000)
  object space 51200K, 10% used [0x0000000081a00000,0x0000000081f396a0,0x0000000084c00000)
 Metaspace       used 22825K, capacity 24342K, committed 24576K, reserved 1071104K
  class space    used 2942K, capacity 3237K, committed 3328K, reserved 1048576K
Event: 3.110 GC heap after
Heap after GC invocations=6 (full 1):
 PSYoungGen      total 71680K, used 5105K [0x00000000d5e00000, 0x00000000de200000, 0x0000000100000000)
  eden space 66560K, 0% used [0x00000000d5e00000,0x00000000d5e00000,0x00000000d9f00000)
  from space 5120K, 99% used [0x00000000d9f00000,0x00000000da3fc5e8,0x00000000da400000)
  to   space 9728K, 0% used [0x00000000dd880000,0x00000000dd880000,0x00000000de200000)
 ParOldGen       total 51200K, used 5394K [0x0000000081a00000, 0x0000000084c00000, 0x00000000d5e00000)
  object space 51200K, 10% used [0x0000000081a00000,0x0000000081f44958,0x0000000084c00000)
 Metaspace       used 22825K, capacity 24342K, committed 24576K, reserved 1071104K
  class space    used 2942K, capacity 3237K, committed 3328K, reserved 1048576K
}
Event: 3.645 GC heap before
{Heap before GC invocations=7 (full 1):
 PSYoungGen      total 71680K, used 71665K [0x00000000d5e00000, 0x00000000de200000, 0x0000000100000000)
  eden space 66560K, 100% used [0x00000000d5e00000,0x00000000d9f00000,0x00000000d9f00000)
  from space 5120K, 99% used [0x00000000d9f00000,0x00000000da3fc5e8,0x00000000da400000)
  to   space 9728K, 0% used [0x00000000dd880000,0x00000000dd880000,0x00000000de200000)
 ParOldGen       total 51200K, used 5394K [0x0000000081a00000, 0x0000000084c00000, 0x00000000d5e00000)
  object space 51200K, 10% used [0x0000000081a00000,0x0000000081f44958,0x0000000084c00000)
 Metaspace       used 25367K, capacity 27036K, committed 27264K, reserved 1073152K
  class space    used 3274K, capacity 3586K, committed 3712K, reserved 1048576K
Event: 3.650 GC heap after
Heap after GC invocations=7 (full 1):
 PSYoungGen      total 119296K, used 5378K [0x00000000d5e00000, 0x00000000dde80000, 0x0000000100000000)
  eden space 113152K, 0% used [0x00000000d5e00000,0x00000000d5e00000,0x00000000dcc80000)
  from space 6144K, 87% used [0x00000000dd880000,0x00000000dddc0b50,0x00000000dde80000)
  to   space 9216K, 0% used [0x00000000dcc80000,0x00000000dcc80000,0x00000000dd580000)
 ParOldGen       total 51200K, used 5402K [0x0000000081a00000, 0x0000000084c00000, 0x00000000d5e00000)
  object space 51200K, 10% used [0x0000000081a00000,0x0000000081f46958,0x0000000084c00000)
 Metaspace       used 25367K, capacity 27036K, committed 27264K, reserved 1073152K
  class space    used 3274K, capacity 3586K, committed 3712K, reserved 1048576K
}
Event: 6.023 GC heap before
{Heap before GC invocations=8 (full 1):
 PSYoungGen      total 119296K, used 118530K [0x00000000d5e00000, 0x00000000dde80000, 0x0000000100000000)
  eden space 113152K, 100% used [0x00000000d5e00000,0x00000000dcc80000,0x00000000dcc80000)
  from space 6144K, 87% used [0x00000000dd880000,0x00000000dddc0b50,0x00000000dde80000)
  to   space 9216K, 0% used [0x00000000dcc80000,0x00000000dcc80000,0x00000000dd580000)
 ParOldGen       total 51200K, used 5402K [0x0000000081a00000, 0x0000000084c00000, 0x00000000d5e00000)
  object space 51200K, 10% used [0x0000000081a00000,0x0000000081f46958,0x0000000084c00000)
 Metaspace       used 32623K, capacity 34834K, committed 35072K, reserved 1079296K
  class space    used 4197K, capacity 4585K, committed 4608K, reserved 1048576K
Event: 6.032 GC heap after
Heap after GC invocations=8 (full 1):
 PSYoungGen      total 122368K, used 9185K [0x00000000d5e00000, 0x00000000e2a80000, 0x0000000100000000)
  eden space 113152K, 0% used [0x00000000d5e00000,0x00000000d5e00000,0x00000000dcc80000)
  from space 9216K, 99% used [0x00000000dcc80000,0x00000000dd5784d8,0x00000000dd580000)
  to   space 11264K, 0% used [0x00000000e1f80000,0x00000000e1f80000,0x00000000e2a80000)
 ParOldGen       total 51200K, used 6688K [0x0000000081a00000, 0x0000000084c00000, 0x00000000d5e00000)
  object space 51200K, 13% used [0x0000000081a00000,0x0000000082088370,0x0000000084c00000)
 Metaspace       used 32623K, capacity 34834K, committed 35072K, reserved 1079296K
  class space    used 4197K, capacity 4585K, committed 4608K, reserved 1048576K
}

